Tue Mar 27 06:01:01 EEST 2012 Channel 0 is not started. Trying to restart.
Tue Mar 27 06:01:04 EEST 2012 Channel 1 is not started. Trying to restart.
Tue Mar 27 06:01:07 EEST 2012 Channel 2 is not started. Trying to restart.
Tue Mar 27 10:00:11 EEST 2012 Channel 0 is not started. Trying to restart.
Tue Mar 27 10:00:14 EEST 2012 Channel 1 is not started. Trying to restart.
Tue Mar 27 10:00:17 EEST 2012 Channel 2 is not started. Trying to restart.
Tue Mar 27 12:00:11 EEST 2012 Channel 0 is not started. Trying to restart.
Tue Mar 27 12:00:14 EEST 2012 Channel 1 is not started. Trying to restart.
Tue Mar 27 12:00:17 EEST 2012 Channel 2 is not started. Trying to restart.
Tue Mar 27 14:00:10 EEST 2012 Channel 0 is not started. Trying to restart.
Tue Mar 27 14:00:13 EEST 2012 Channel 1 is not started. Trying to restart.
Tue Mar 27 14:00:16 EEST 2012 Channel 2 is not started. Trying to restart.
Tue Mar 27 16:00:10 EEST 2012 Channel 0 is not started. Trying to restart.
Tue Mar 27 16:00:13 EEST 2012 Channel 1 is not started. Trying to restart.
Tue Mar 27 16:00:16 EEST 2012 Channel 2 is not started. Trying to restart.
Tue Mar 27 18:00:11 EEST 2012 Channel 0 is not started. Trying to restart.
Tue Mar 27 18:00:14 EEST 2012 Channel 1 is not started. Trying to restart.
Tue Mar 27 18:00:17 EEST 2012 Channel 2 is not started. Trying to restart.
Tue Mar 27 20:00:11 EEST 2012 Channel 0 is not started. Trying to restart.
Tue Mar 27 20:00:14 EEST 2012 Channel 1 is not started. Trying to restart.
Tue Mar 27 20:00:17 EEST 2012 Channel 2 is not started. Trying to restart.
Tue Mar 27 22:00:11 EEST 2012 Channel 0 is not started. Trying to restart.
Tue Mar 27 22:00:14 EEST 2012 Channel 1 is not started. Trying to restart.
Tue Mar 27 22:00:17 EEST 2012 Channel 2 is not started. Trying to restart.
Wed Mar 28 00:00:11 EEST 2012 Channel 0 is not started. Trying to restart.
Wed Mar 28 00:00:14 EEST 2012 Channel 1 is not started. Trying to restart.
Wed Mar 28 00:00:17 EEST 2012 Channel 2 is not started. Trying to restart.
Wed Mar 28 00:01:01 EEST 2012 Channel 1 is not started. Trying to restart.
Wed Mar 28 02:00:11 EEST 2012 Channel 0 is not started. Trying to restart.
Wed Mar 28 02:01:01 EEST 2012 Channel 2 is not started. Trying to restart.
Wed Mar 28 04:00:10 EEST 2012 Channel 0 is not started. Trying to restart.
Wed Mar 28 04:00:13 EEST 2012 Channel 1 is not started. Trying to restart.
Wed Mar 28 06:00:11 EEST 2012 Channel 0 is not started. Trying to restart.
Wed Mar 28 06:00:14 EEST 2012 Channel 1 is not started. Trying to restart.
Wed Mar 28 06:00:17 EEST 2012 Channel 2 is not started. Trying to restart.
Wed Mar 28 08:00:11 EEST 2012 Channel 0 is not started. Trying to restart.
Wed Mar 28 08:00:14 EEST 2012 Channel 1 is not started. Trying to restart.
Wed Mar 28 08:00:17 EEST 2012 Channel 2 is not started. Trying to restart.
Wed Mar 28 10:00:10 EEST 2012 Channel 0 is not started. Trying to restart.
Wed Mar 28 10:00:14 EEST 2012 Channel 1 is not started. Trying to restart.
Wed Mar 28 10:00:17 EEST 2012 Channel 2 is not started. Trying to restart.
Wed Mar 28 12:00:10 EEST 2012 Channel 0 is not started. Trying to restart.
Wed Mar 28 12:00:13 EEST 2012 Channel 1 is not started. Trying to restart.
Wed Mar 28 12:00:16 EEST 2012 Channel 2 is not started. Trying to restart.
Wed Mar 28 14:00:11 EEST 2012 Channel 0 is not started. Trying to restart.
Wed Mar 28 14:00:14 EEST 2012 Channel 1 is not started. Trying to restart.
Wed Mar 28 14:00:17 EEST 2012 Channel 2 is not started. Trying to restart.
Wed Mar 28 14:01:01 EEST 2012 Channel 1 is not started. Trying to restart.
Wed Mar 28 16:00:10 EEST 2012 Channel 0 is not started. Trying to restart.
Wed Mar 28 16:01:01 EEST 2012 Channel 2 is not started. Trying to restart.
Wed Mar 28 18:00:11 EEST 2012 Channel 0 is not started. Trying to restart.
Wed Mar 28 18:00:14 EEST 2012 Channel 1 is not started. Trying to restart.
Wed Mar 28 18:00:17 EEST 2012 Channel 2 is not started. Trying to restart.
Wed Mar 28 18:01:01 EEST 2012 Channel 2 is not started. Trying to restart.
Wed Mar 28 20:00:11 EEST 2012 Channel 0 is not started. Trying to restart.
Wed Mar 28 20:00:14 EEST 2012 Channel 1 is not started. Trying to restart.
Wed Mar 28 22:00:11 EEST 2012 Channel 0 is not started. Trying to restart.
Wed Mar 28 22:00:14 EEST 2012 Channel 1 is not started. Trying to restart.
Wed Mar 28 22:00:17 EEST 2012 Channel 2 is not started. Trying to restart.
Thu Mar 29 00:00:11 EEST 2012 Channel 0 is not started. Trying to restart.
Thu Mar 29 00:00:14 EEST 2012 Channel 1 is not started. Trying to restart.
Thu Mar 29 00:00:17 EEST 2012 Channel 2 is not started. Trying to restart.
Thu Mar 29 02:00:11 EEST 2012 Channel 0 is not started. Trying to restart.
Thu Mar 29 02:00:15 EEST 2012 Channel 1 is not started. Trying to restart.
Thu Mar 29 02:00:18 EEST 2012 Channel 2 is not started. Trying to restart.
Thu Mar 29 04:00:10 EEST 2012 Channel 0 is not started. Trying to restart.
Thu Mar 29 04:00:13 EEST 2012 Channel 1 is not started. Trying to restart.
Thu Mar 29 04:00:16 EEST 2012 Channel 2 is not started. Trying to restart.
Thu Mar 29 06:00:10 EEST 2012 Channel 0 is not started. Trying to restart.
Thu Mar 29 06:00:13 EEST 2012 Channel 1 is not started. Trying to restart.
Thu Mar 29 06:00:16 EEST 2012 Channel 2 is not started. Trying to restart.
Thu Mar 29 08:00:10 EEST 2012 Channel 0 is not started. Trying to restart.
Thu Mar 29 08:00:13 EEST 2012 Channel 1 is not started. Trying to restart.
Thu Mar 29 08:00:17 EEST 2012 Channel 2 is not started. Trying to restart.
Thu Mar 29 10:00:10 EEST 2012 Channel 0 is not started. Trying to restart.
Thu Mar 29 10:00:14 EEST 2012 Channel 1 is not started. Trying to restart.
Thu Mar 29 10:00:17 EEST 2012 Channel 2 is not started. Trying to restart.
Thu Mar 29 12:00:11 EEST 2012 Channel 0 is not started. Trying to restart.
Thu Mar 29 12:00:14 EEST 2012 Channel 1 is not started. Trying to restart.
Thu Mar 29 12:00:17 EEST 2012 Channel 2 is not started. Trying to restart.
Thu Mar 29 14:00:10 EEST 2012 Channel 0 is not started. Trying to restart.
Thu Mar 29 14:00:13 EEST 2012 Channel 1 is not started. Trying to restart.
Thu Mar 29 14:00:16 EEST 2012 Channel 2 is not started. Trying to restart.
Thu Mar 29 16:00:11 EEST 2012 Channel 0 is not started. Trying to restart.
Thu Mar 29 16:00:14 EEST 2012 Channel 1 is not started. Trying to restart.
Thu Mar 29 16:00:17 EEST 2012 Channel 2 is not started. Trying to restart.
Thu Mar 29 18:00:11 EEST 2012 Channel 0 is not started. Trying to restart.
Thu Mar 29 18:00:14 EEST 2012 Channel 1 is not started. Trying to restart.
Thu Mar 29 18:00:17 EEST 2012 Channel 2 is not started. Trying to restart.
Thu Mar 29 20:00:11 EEST 2012 Channel 0 is not started. Trying to restart.
Thu Mar 29 20:00:14 EEST 2012 Channel 1 is not started. Trying to restart.
Thu Mar 29 20:00:17 EEST 2012 Channel 2 is not started. Trying to restart.
Thu Mar 29 22:00:11 EEST 2012 Channel 0 is not started. Trying to restart.
Thu Mar 29 22:00:14 EEST 2012 Channel 1 is not started. Trying to restart.
Thu Mar 29 22:00:17 EEST 2012 Channel 2 is not started. Trying to restart.
Fri Mar 30 00:00:10 EEST 2012 Channel 0 is not started. Trying to restart.
Fri Mar 30 00:00:14 EEST 2012 Channel 1 is not started. Trying to restart.
Fri Mar 30 00:00:17 EEST 2012 Channel 2 is not started. Trying to restart.
Fri Mar 30 02:00:10 EEST 2012 Channel 0 is not started. Trying to restart.
Fri Mar 30 02:00:13 EEST 2012 Channel 1 is not started. Trying to restart.
Fri Mar 30 02:00:16 EEST 2012 Channel 2 is not started. Trying to restart.
Fri Mar 30 04:27:40 EEST 2012 Channel 1 is not started. Trying to restart.
Fri Mar 30 06:00:10 EEST 2012 Channel 0 is not started. Trying to restart.
Fri Mar 30 06:00:13 EEST 2012 Channel 1 is not started. Trying to restart.
Fri Mar 30 06:00:16 EEST 2012 Channel 2 is not started. Trying to restart.
Fri Mar 30 06:01:01 EEST 2012 Channel 1 is not started. Trying to restart.
Fri Mar 30 08:00:10 EEST 2012 Channel 0 is not started. Trying to restart.
Fri Mar 30 08:00:13 EEST 2012 Channel 1 is not started. Trying to restart.
Fri Mar 30 08:00:17 EEST 2012 Channel 2 is not started. Trying to restart.
Fri Mar 30 08:01:01 EEST 2012 Channel 1 is not started. Trying to restart.
Fri Mar 30 10:00:10 EEST 2012 Channel 0 is not started. Trying to restart.
Fri Mar 30 10:00:13 EEST 2012 Channel 2 is not started. Trying to restart.
Fri Mar 30 12:00:11 EEST 2012 Channel 0 is not started. Trying to restart.
Fri Mar 30 12:00:14 EEST 2012 Channel 1 is not started. Trying to restart.
Fri Mar 30 12:00:17 EEST 2012 Channel 2 is not started. Trying to restart.
Fri Mar 30 12:01:01 EEST 2012 Channel 2 is not started. Trying to restart.
Fri Mar 30 14:00:11 EEST 2012 Channel 0 is not started. Trying to restart.
Fri Mar 30 14:00:14 EEST 2012 Channel 1 is not started. Trying to restart.
Fri Mar 30 16:00:11 EEST 2012 Channel 0 is not started. Trying to restart.
Fri Mar 30 16:00:14 EEST 2012 Channel 1 is not started. Trying to restart.
Fri Mar 30 16:00:17 EEST 2012 Channel 2 is not started. Trying to restart.
Fri Mar 30 16:01:01 EEST 2012 Channel 1 is not started. Trying to restart.
Fri Mar 30 18:00:11 EEST 2012 Channel 0 is not started. Trying to restart.
Fri Mar 30 18:00:14 EEST 2012 Channel 2 is not started. Trying to restart.
Fri Mar 30 20:00:10 EEST 2012 Channel 0 is not started. Trying to restart.
Fri Mar 30 20:00:14 EEST 2012 Channel 1 is not started. Trying to restart.
Fri Mar 30 20:00:17 EEST 2012 Channel 2 is not started. Trying to restart.
Fri Mar 30 22:00:11 EEST 2012 Channel 0 is not started. Trying to restart.
Fri Mar 30 22:00:14 EEST 2012 Channel 1 is not started. Trying to restart.
Fri Mar 30 22:00:17 EEST 2012 Channel 2 is not started. Trying to restart.
Sat Mar 31 00:00:11 EEST 2012 Channel 0 is not started. Trying to restart.
Sat Mar 31 00:00:14 EEST 2012 Channel 1 is not started. Trying to restart.
Sat Mar 31 00:00:17 EEST 2012 Channel 2 is not started. Trying to restart.
Sat Mar 31 02:01:01 EEST 2012 Channel 0 is not started. Trying to restart.
Sat Mar 31 02:01:04 EEST 2012 Channel 1 is not started. Trying to restart.
Sat Mar 31 04:00:11 EEST 2012 Channel 0 is not started. Trying to restart.
Sat Mar 31 04:00:14 EEST 2012 Channel 1 is not started. Trying to restart.
Sat Mar 31 06:00:11 EEST 2012 Channel 0 is not started. Trying to restart.
Sat Mar 31 06:00:14 EEST 2012 Channel 1 is not started. Trying to restart.
Sat Mar 31 06:00:17 EEST 2012 Channel 2 is not started. Trying to restart.
Sat Mar 31 08:00:11 EEST 2012 Channel 0 is not started. Trying to restart.
Sat Mar 31 08:00:14 EEST 2012 Channel 1 is not started. Trying to restart.
Sat Mar 31 08:00:17 EEST 2012 Channel 2 is not started. Trying to restart.
Sat Mar 31 10:00:11 EEST 2012 Channel 0 is not started. Trying to restart.
Sat Mar 31 10:00:14 EEST 2012 Channel 1 is not started. Trying to restart.
Sat Mar 31 10:00:17 EEST 2012 Channel 2 is not started. Trying to restart.
Sat Mar 31 12:00:11 EEST 2012 Channel 0 is not started. Trying to restart.
Sat Mar 31 12:00:14 EEST 2012 Channel 1 is not started. Trying to restart.
Sat Mar 31 12:00:17 EEST 2012 Channel 2 is not started. Trying to restart.
Sat Mar 31 14:00:11 EEST 2012 Channel 0 is not started. Trying to restart.
Sat Mar 31 14:00:14 EEST 2012 Channel 1 is not started. Trying to restart.
Sat Mar 31 14:00:17 EEST 2012 Channel 2 is not started. Trying to restart.
Sat Mar 31 16:00:10 EEST 2012 Channel 0 is not started. Trying to restart.
Sat Mar 31 16:00:14 EEST 2012 Channel 1 is not started. Trying to restart.
Sat Mar 31 16:00:17 EEST 2012 Channel 2 is not started. Trying to restart.
Sat Mar 31 18:00:11 EEST 2012 Channel 0 is not started. Trying to restart.
Sat Mar 31 18:00:14 EEST 2012 Channel 1 is not started. Trying to restart.
Sat Mar 31 18:00:17 EEST 2012 Channel 2 is not started. Trying to restart.
Sat Mar 31 20:00:11 EEST 2012 Channel 0 is not started. Trying to restart.
Sat Mar 31 20:00:14 EEST 2012 Channel 1 is not started. Trying to restart.
Sat Mar 31 20:00:17 EEST 2012 Channel 2 is not started. Trying to restart.
Sat Mar 31 22:00:11 EEST 2012 Channel 0 is not started. Trying to restart.
Sat Mar 31 22:00:14 EEST 2012 Channel 1 is not started. Trying to restart.
Sat Mar 31 22:00:17 EEST 2012 Channel 2 is not started. Trying to restart.
Sun Apr  1 00:00:10 EEST 2012 Channel 0 is not started. Trying to restart.
Sun Apr  1 00:00:14 EEST 2012 Channel 1 is not started. Trying to restart.
Sun Apr  1 00:00:17 EEST 2012 Channel 2 is not started. Trying to restart.
Sun Apr  1 02:00:10 EEST 2012 Channel 0 is not started. Trying to restart.
Sun Apr  1 02:00:14 EEST 2012 Channel 1 is not started. Trying to restart.
Sun Apr  1 02:00:17 EEST 2012 Channel 2 is not started. Trying to restart.
Sun Apr  1 04:00:10 EEST 2012 Channel 0 is not started. Trying to restart.
Sun Apr  1 04:00:14 EEST 2012 Channel 1 is not started. Trying to restart.
Sun Apr  1 04:00:17 EEST 2012 Channel 2 is not started. Trying to restart.
Sun Apr  1 06:00:10 EEST 2012 Channel 0 is not started. Trying to restart.
Sun Apr  1 06:00:13 EEST 2012 Channel 1 is not started. Trying to restart.
Sun Apr  1 06:00:16 EEST 2012 Channel 2 is not started. Trying to restart.
Sun Apr  1 08:00:11 EEST 2012 Channel 0 is not started. Trying to restart.
Sun Apr  1 08:00:14 EEST 2012 Channel 1 is not started. Trying to restart.
Sun Apr  1 08:00:17 EEST 2012 Channel 2 is not started. Trying to restart.
Sun Apr  1 10:00:10 EEST 2012 Channel 0 is not started. Trying to restart.
Sun Apr  1 10:00:13 EEST 2012 Channel 1 is not started. Trying to restart.
Sun Apr  1 10:00:16 EEST 2012 Channel 2 is not started. Trying to restart.
Sun Apr  1 10:01:01 EEST 2012 Channel 1 is not started. Trying to restart.
Sun Apr  1 12:00:10 EEST 2012 Channel 0 is not started. Trying to restart.
Sun Apr  1 12:01:01 EEST 2012 Channel 2 is not started. Trying to restart.
Sun Apr  1 14:00:11 EEST 2012 Channel 0 is not started. Trying to restart.
Sun Apr  1 14:00:14 EEST 2012 Channel 1 is not started. Trying to restart.
Sun Apr  1 16:00:10 EEST 2012 Channel 0 is not started. Trying to restart.
Sun Apr  1 16:00:13 EEST 2012 Channel 1 is not started. Trying to restart.
Sun Apr  1 16:00:16 EEST 2012 Channel 2 is not started. Trying to restart.
Sun Apr  1 18:00:11 EEST 2012 Channel 1 is not started. Trying to restart.
Sun Apr  1 19:17:17 EEST 2012 Channel 0 is not started. Trying to restart.
Sun Apr  1 19:19:09 EEST 2012 Channel 1 is not started. Trying to restart.
Sun Apr  1 19:19:12 EEST 2012 Channel 2 is not started. Trying to restart.
